Release 13.3 - xst O.76xd (lin64)
Copyright (c) 1995-2011 Xilinx, Inc.  All rights reserved.
--> 
Parameter TMPDIR set to xst/projnav.tmp


Total REAL time to Xst completion: 0.00 secs
Total CPU time to Xst completion: 0.06 secs
 
--> 
Parameter xsthdpdir set to xst


Total REAL time to Xst completion: 0.00 secs
Total CPU time to Xst completion: 0.07 secs
 
--> 
Reading design: DivFreq4ms.prj

TABLE OF CONTENTS
  1) Synthesis Options Summary
  2) HDL Compilation
  3) Design Hierarchy Analysis
  4) HDL Analysis
  5) HDL Synthesis
     5.1) HDL Synthesis Report
  6) Advanced HDL Synthesis
     6.1) Advanced HDL Synthesis Report
  7) Low Level Synthesis
  8) Partition Report
  9) Final Report
	9.1) Device utilization summary
	9.2) Partition Resource Summary
	9.3) TIMING REPORT


=========================================================================
*                      Synthesis Options Summary                        *
=========================================================================
---- Source Parameters
Input File Name                    : "DivFreq4ms.prj"
Input Format                       : mixed
Ignore Synthesis Constraint File   : NO

---- Target Parameters
Output File Name                   : "DivFreq4ms"
Output Format                      : NGC
Target Device                      : xc3sd1800a-4-fg676

---- Source Options
Top Module Name                    : DivFreq4ms
Automatic FSM Extraction           : YES
FSM Encoding Algorithm             : Auto
Safe Implementation                : No
FSM Style                          : LUT
RAM Extraction                     : Yes
RAM Style                          : Auto
ROM Extraction                     : Yes
Mux Style                          : Auto
Decoder Extraction                 : YES
Priority Encoder Extraction        : Yes
Shift Register Extraction          : YES
Logical Shifter Extraction         : YES
XOR Collapsing                     : YES
ROM Style                          : Auto
Mux Extraction                     : Yes
Resource Sharing                   : YES
Asynchronous To Synchronous        : NO
Use DSP Block                      : Auto
Automatic Register Balancing       : No

---- Target Options
Add IO Buffers                     : YES
Global Maximum Fanout              : 500
Add Generic Clock Buffer(BUFG)     : 24
Register Duplication               : YES
Slice Packing                      : YES
Optimize Instantiated Primitives   : NO
Use Clock Enable                   : Yes
Use Synchronous Set                : Yes
Use Synchronous Reset              : Yes
Pack IO Registers into IOBs        : Auto
Equivalent register Removal        : YES

---- General Options
Optimization Goal                  : Speed
Optimization Effort                : 1
Keep Hierarchy                     : No
Netlist Hierarchy                  : As_Optimized
RTL Output                         : Yes
Global Optimization                : AllClockNets
Read Cores                         : YES
Write Timing Constraints           : NO
Cross Clock Analysis               : NO
Hierarchy Separator                : /
Bus Delimiter                      : <>
Case Specifier                     : Maintain
Slice Utilization Ratio            : 100
BRAM Utilization Ratio             : 100
DSP48 Utilization Ratio            : 100
Verilog 2001                       : YES
Auto BRAM Packing                  : NO
Slice Utilization Ratio Delta      : 5

=========================================================================


=========================================================================
*                          HDL Compilation                              *
=========================================================================
Compiling vhdl file "/home/felipe/Documentos/UTP/Electronica2/DisplayTemperature/DivFreq4ms.vhd" in Library work.
Entity <DivFreq4ms> compiled.
Entity <DivFreq4ms> (Architecture <arch_DivFreq4ms>) compiled.

=========================================================================
*                     Design Hierarchy Analysis                         *
=========================================================================
Analyzing hierarchy for entity <DivFreq4ms> in library <work> (architecture <arch_DivFreq4ms>).


=========================================================================
*                            HDL Analysis                               *
=========================================================================
Analyzing Entity <DivFreq4ms> in library <work> (Architecture <arch_DivFreq4ms>).
Entity <DivFreq4ms> analyzed. Unit <DivFreq4ms> generated.


=========================================================================
*                           HDL Synthesis                               *
=========================================================================

Performing bidirectional port resolution...

Synthesizing Unit <DivFreq4ms>.
    Related source file is "/home/felipe/Documentos/UTP/Electronica2/DisplayTemperature/DivFreq4ms.vhd".
    Found 1-bit register for signal <enable4ms>.
    Found 32-bit up counter for signal <cont>.
    Summary:
	inferred   1 Counter(s).
	inferred   1 D-type flip-flop(s).
Unit <DivFreq4ms> synthesized.


=========================================================================
HDL Synthesis Report

Macro Statistics
# Counters                                             : 1
 32-bit up counter                                     : 1
# Registers                                            : 1
 1-bit register                                        : 1

=========================================================================

=========================================================================
*                       Advanced HDL Synthesis                          *
=========================================================================


=========================================================================
Advanced HDL Synthesis Report

Macro Statistics
# Counters                                             : 1
 32-bit up counter                                     : 1
# Registers                                            : 1
 Flip-Flops                                            : 1

=========================================================================

=========================================================================
*                         Low Level Synthesis                           *
=========================================================================

Optimizing unit <DivFreq4ms> ...

Mapping all equations...
Building and optimizing final netlist ...
Found area constraint ratio of 100 (+ 5) on block DivFreq4ms, actual ratio is 0.

Final Macro Processing ...

=========================================================================
Final Register Report

Macro Statistics
# Registers                                            : 33
 Flip-Flops                                            : 33

=========================================================================

=========================================================================
*                           Partition Report                            *
=========================================================================

Partition Implementation Status
-------------------------------

  No Partitions were found in this design.

-------------------------------

=========================================================================
*                            Final Report                               *
=========================================================================
Final Results
RTL Top Level Output File Name     : DivFreq4ms.ngr
Top Level Output File Name         : DivFreq4ms
Output Format                      : NGC
Optimization Goal                  : Speed
Keep Hierarchy                     : No

Design Statistics
# IOs                              : 3

Cell Usage :
# BELS                             : 115
#      GND                         : 1
#      INV                         : 2
#      LUT1                        : 31
#      LUT2                        : 1
#      LUT4                        : 8
#      MUXCY                       : 39
#      VCC                         : 1
#      XORCY                       : 32
# FlipFlops/Latches                : 33
#      FDE                         : 1
#      FDR                         : 32
# Clock Buffers                    : 1
#      BUFGP                       : 1
# IO Buffers                       : 2
#      IBUF                        : 1
#      OBUF                        : 1
=========================================================================

Device utilization summary:
---------------------------

Selected Device : 3sd1800afg676-4 

 Number of Slices:                       23  out of  16640     0%  
 Number of Slice Flip Flops:             33  out of  33280     0%  
 Number of 4 input LUTs:                 42  out of  33280     0%  
 Number of IOs:                           3
 Number of bonded IOBs:                   3  out of    519     0%  
 Number of GCLKs:                         1  out of     24     4%  

---------------------------
Partition Resource Summary:
---------------------------

  No Partitions were found in this design.

---------------------------


=========================================================================
TIMING REPORT

NOTE: THESE TIMING NUMBERS ARE ONLY A SYNTHESIS ESTIMATE.
      FOR ACCURATE TIMING INFORMATION PLEASE REFER TO THE TRACE REPORT
      GENERATED AFTER PLACE-and-ROUTE.

Clock Information:
------------------
-----------------------------------+------------------------+-------+
Clock Signal                       | Clock buffer(FF name)  | Load  |
-----------------------------------+------------------------+-------+
clkFPGA                            | BUFGP                  | 33    |
-----------------------------------+------------------------+-------+

Asynchronous Control Signals Information:
----------------------------------------
No asynchronous control signals found in this design

Timing Summary:
---------------
Speed Grade: -4

   Minimum period: 6.293ns (Maximum Frequency: 158.901MHz)
   Minimum input arrival time before clock: 4.218ns
   Maximum output required time after clock: 5.531ns
   Maximum combinational path delay: No path found

Timing Detail:
--------------
All values displayed in nanoseconds (ns)

=========================================================================
Timing constraint: Default period analysis for Clock 'clkFPGA'
  Clock period: 6.293ns (frequency: 158.901MHz)
  Total number of paths / destination ports: 1584 / 65
-------------------------------------------------------------------------
Delay:               6.293ns (Levels of Logic = 10)
  Source:            cont_8 (FF)
  Destination:       cont_0 (FF)
  Source Clock:      clkFPGA rising
  Destination Clock: clkFPGA rising

  Data Path: cont_8 to cont_0
                                Gate     Net
    Cell:in->out      fanout   Delay   Delay  Logical Name (Net Name)
    ----------------------------------------  ------------
     FDR:C->Q              2   0.591   0.590  cont_8 (cont_8)
     LUT4:I0->O            1   0.648   0.000  enable4ms_cmp_eq0000_wg_lut<0> (enable4ms_cmp_eq0000_wg_lut<0>)
     MUXCY:S->O            1   0.632   0.000  enable4ms_cmp_eq0000_wg_cy<0> (enable4ms_cmp_eq0000_wg_cy<0>)
     MUXCY:CI->O           1   0.065   0.000  enable4ms_cmp_eq0000_wg_cy<1> (enable4ms_cmp_eq0000_wg_cy<1>)
     MUXCY:CI->O           1   0.065   0.000  enable4ms_cmp_eq0000_wg_cy<2> (enable4ms_cmp_eq0000_wg_cy<2>)
     MUXCY:CI->O           1   0.065   0.000  enable4ms_cmp_eq0000_wg_cy<3> (enable4ms_cmp_eq0000_wg_cy<3>)
     MUXCY:CI->O           1   0.065   0.000  enable4ms_cmp_eq0000_wg_cy<4> (enable4ms_cmp_eq0000_wg_cy<4>)
     MUXCY:CI->O           1   0.065   0.000  enable4ms_cmp_eq0000_wg_cy<5> (enable4ms_cmp_eq0000_wg_cy<5>)
     MUXCY:CI->O           1   0.065   0.000  enable4ms_cmp_eq0000_wg_cy<6> (enable4ms_cmp_eq0000_wg_cy<6>)
     MUXCY:CI->O           2   0.141   0.527  enable4ms_cmp_eq0000_wg_cy<7> (enable4ms_cmp_eq0000)
     LUT2:I1->O           32   0.643   1.262  cont_or00001 (cont_or0000)
     FDR:R                     0.869          cont_0
    ----------------------------------------
    Total                      6.293ns (3.914ns logic, 2.379ns route)
                                       (62.2% logic, 37.8% route)

=========================================================================
Timing constraint: Default OFFSET IN BEFORE for Clock 'clkFPGA'
  Total number of paths / destination ports: 33 / 33
-------------------------------------------------------------------------
Offset:              4.218ns (Levels of Logic = 2)
  Source:            reset (PAD)
  Destination:       cont_0 (FF)
  Destination Clock: clkFPGA rising

  Data Path: reset to cont_0
                                Gate     Net
    Cell:in->out      fanout   Delay   Delay  Logical Name (Net Name)
    ----------------------------------------  ------------
     IBUF:I->O             2   0.849   0.590  reset_IBUF (reset_IBUF)
     LUT2:I0->O           32   0.648   1.262  cont_or00001 (cont_or0000)
     FDR:R                     0.869          cont_0
    ----------------------------------------
    Total                      4.218ns (2.366ns logic, 1.852ns route)
                                       (56.1% logic, 43.9% route)

=========================================================================
Timing constraint: Default OFFSET OUT AFTER for Clock 'clkFPGA'
  Total number of paths / destination ports: 1 / 1
-------------------------------------------------------------------------
Offset:              5.531ns (Levels of Logic = 1)
  Source:            enable4ms (FF)
  Destination:       enable4ms (PAD)
  Source Clock:      clkFPGA rising

  Data Path: enable4ms to enable4ms
                                Gate     Net
    Cell:in->out      fanout   Delay   Delay  Logical Name (Net Name)
    ----------------------------------------  ------------
     FDE:C->Q              1   0.591   0.420  enable4ms (enable4ms_OBUF)
     OBUF:I->O                 4.520          enable4ms_OBUF (enable4ms)
    ----------------------------------------
    Total                      5.531ns (5.111ns logic, 0.420ns route)
                                       (92.4% logic, 7.6% route)

=========================================================================


Total REAL time to Xst completion: 8.00 secs
Total CPU time to Xst completion: 7.30 secs
 
--> 


Total memory usage is 514732 kilobytes

Number of errors   :    0 (   0 filtered)
Number of warnings :    0 (   0 filtered)
Number of infos    :    0 (   0 filtered)

