Release 13.3 - ngc2edif O.76xd (lin64)
Copyright (c) 1995-2011 Xilinx, Inc.  All rights reserved.
Reading design DisplayTemperature.ngc ...
WARNING:NetListWriters:298 - No output is written to DisplayTemperature.xncf,
   ignored.
Processing design ...
   Preping design's networks ...
   Preping design's macros ...
  finished :Prep
Writing EDIF netlist file DisplayTemperature.edif ...
ngc2edif: Total memory usage is 104096 kilobytes

Release 13.3 - ngc2edif O.76xd (lin64)
Copyright (c) 1995-2011 Xilinx, Inc.  All rights reserved.
Reading design DisplayTemperature.ngc ...
WARNING:NetListWriters:298 - No output is written to DisplayTemperature.xncf,
   ignored.
Processing design ...
   Preping design's networks ...
   Preping design's macros ...
  finished :Prep
Writing EDIF netlist file DisplayTemperature.edif ...
ngc2edif: Total memory usage is 104100 kilobytes

Release 13.3 - ngc2edif O.76xd (lin64)
Copyright (c) 1995-2011 Xilinx, Inc.  All rights reserved.
Reading design DisplayTemperature.ngc ...
WARNING:NetListWriters:298 - No output is written to DisplayTemperature.xncf,
   ignored.
Processing design ...
   Preping design's networks ...
   Preping design's macros ...
  finished :Prep
Writing EDIF netlist file DisplayTemperature.edif ...
ngc2edif: Total memory usage is 104100 kilobytes

